sauce_demot  2025-06-10 01:46:55,906 - INFO - username sent successfully
sauce_demot  2025-06-10 01:46:55,991 - INFO - password sent successfully
sauce_demot  2025-06-10 01:46:56,442 - INFO - login click success
sauce_demot  2025-06-10 01:46:56,543 - INFO - Sauce Labs Bolt T-Shirt added to cart successfully
sauce_demot  2025-06-10 01:46:56,652 - INFO - Sauce Labs Bike Light added to cart successfully
sauce_demot  2025-06-10 01:46:56,870 - INFO - Cart Page click success
sauce_demot  2025-06-10 01:46:57,043 - INFO - Checkout click success
sauce_demot  2025-06-10 01:46:57,139 - INFO - abhishek sent successfully
sauce_demot  2025-06-10 01:46:57,218 - INFO - chhawari sent successfully
sauce_demot  2025-06-10 01:46:57,294 - INFO - 123401 sent successfully
sauce_demot  2025-06-10 01:46:57,472 - INFO - Continue button click success
sauce_demot  2025-06-10 01:46:57,712 - INFO - finish button click success
sauce_demot  2025-06-10 01:47:09,889 - INFO - username sent successfully
sauce_demot  2025-06-10 01:47:09,977 - INFO - password sent successfully
sauce_demot  2025-06-10 01:47:10,412 - INFO - login click success
sauce_demot  2025-06-10 01:47:10,541 - INFO - Sauce Labs Bolt T-Shirt added to cart successfully
sauce_demot  2025-06-10 01:47:10,663 - INFO - Sauce Labs Bike Light added to cart successfully
sauce_demot  2025-06-10 01:47:10,901 - INFO - Cart Page click success
sauce_demot  2025-06-10 01:47:11,078 - INFO - Checkout click success
sauce_demot  2025-06-10 01:47:11,170 - INFO - abhishek sent successfully
sauce_demot  2025-06-10 01:47:11,261 - INFO - chhawari sent successfully
sauce_demot  2025-06-10 01:47:11,341 - INFO - 123401 sent successfully
sauce_demot  2025-06-10 01:47:11,549 - INFO - Continue button click success
sauce_demot  2025-06-10 01:47:11,788 - INFO - finish button click success
