sauce_demot  2025-06-10 02:04:55,720 - INFO - username sent successfully
sauce_demot  2025-06-10 02:04:55,808 - INFO - password sent successfully
sauce_demot  2025-06-10 02:04:56,293 - INFO - login click success
sauce_demot  2025-06-10 02:04:56,404 - INFO - Sauce Labs Bolt T-Shirt added to cart successfully
sauce_demot  2025-06-10 02:04:56,479 - INFO - Sauce Labs Bike Light added to cart successfully
sauce_demot  2025-06-10 02:04:56,675 - INFO - Cart Page click success
sauce_demot  2025-06-10 02:04:56,852 - INFO - Checkout click success
sauce_demot  2025-06-10 02:04:56,947 - INFO - abhishek sent successfully
sauce_demot  2025-06-10 02:04:57,033 - INFO - chhawari sent successfully
sauce_demot  2025-06-10 02:04:57,106 - INFO - 123401 sent successfully
sauce_demot  2025-06-10 02:04:57,272 - INFO - Continue button click success
sauce_demot  2025-06-10 02:04:57,535 - INFO - finish button click success
sauce_demot  2025-06-10 02:05:09,817 - INFO - username sent successfully
sauce_demot  2025-06-10 02:05:09,913 - INFO - password sent successfully
sauce_demot  2025-06-10 02:05:10,272 - INFO - login click success
sauce_demot  2025-06-10 02:05:10,400 - INFO - Sauce Labs Bolt T-Shirt added to cart successfully
sauce_demot  2025-06-10 02:05:10,497 - INFO - Sauce Labs Bike Light added to cart successfully
sauce_demot  2025-06-10 02:05:10,706 - INFO - Cart Page click success
sauce_demot  2025-06-10 02:05:10,862 - INFO - Checkout click success
sauce_demot  2025-06-10 02:05:10,958 - INFO - abhishek sent successfully
sauce_demot  2025-06-10 02:05:11,028 - INFO - chhawari sent successfully
sauce_demot  2025-06-10 02:05:11,100 - INFO - 123401 sent successfully
sauce_demot  2025-06-10 02:05:11,278 - INFO - Continue button click success
sauce_demot  2025-06-10 02:05:11,528 - INFO - finish button click success
