sauce_demot  2025-06-10 01:44:40,234 - INFO - username sent successfully
sauce_demot  2025-06-10 01:44:40,326 - INFO - password sent successfully
sauce_demot  2025-06-10 01:44:40,839 - INFO - login click success
sauce_demot  2025-06-10 01:44:41,005 - INFO - Sauce Labs Bolt T-Shirt added to cart successfully
sauce_demot  2025-06-10 01:44:41,090 - INFO - Sauce Labs Bike Light added to cart successfully
sauce_demot  2025-06-10 01:44:41,549 - INFO - Cart Page click success
sauce_demot  2025-06-10 01:44:42,044 - INFO - Checkout click success
sauce_demot  2025-06-10 01:44:42,134 - INFO - abhishek sent successfully
sauce_demot  2025-06-10 01:44:42,211 - INFO - chhawari sent successfully
sauce_demot  2025-06-10 01:44:42,283 - INFO - 123401 sent successfully
sauce_demot  2025-06-10 01:44:42,684 - INFO - Continue button click success
sauce_demot  2025-06-10 01:44:43,356 - INFO - finish button click success
sauce_demot  2025-06-10 01:44:55,712 - INFO - username sent successfully
sauce_demot  2025-06-10 01:44:55,793 - INFO - password sent successfully
sauce_demot  2025-06-10 01:44:56,262 - INFO - login click success
sauce_demot  2025-06-10 01:44:56,446 - INFO - Sauce Labs Bolt T-Shirt added to cart successfully
sauce_demot  2025-06-10 01:44:56,565 - INFO - Sauce Labs Bike Light added to cart successfully
sauce_demot  2025-06-10 01:44:56,842 - INFO - Cart Page click success
sauce_demot  2025-06-10 01:44:57,097 - INFO - Checkout click success
sauce_demot  2025-06-10 01:44:57,207 - INFO - abhishek sent successfully
sauce_demot  2025-06-10 01:44:57,291 - INFO - chhawari sent successfully
sauce_demot  2025-06-10 01:44:57,373 - INFO - 123401 sent successfully
sauce_demot  2025-06-10 01:44:57,786 - INFO - Continue button click success
sauce_demot  2025-06-10 01:44:58,461 - INFO - finish button click success
