sauce_demot  2025-06-10 02:28:35,461 - INFO - username sent successfully
sauce_demot  2025-06-10 02:28:35,559 - INFO - password sent successfully
sauce_demot  2025-06-10 02:28:35,940 - INFO - login click success
sauce_demot  2025-06-10 02:28:36,076 - INFO - Sauce Labs Bolt T-Shirt added to cart successfully
sauce_demot  2025-06-10 02:28:36,191 - INFO - Sauce Labs Bike Light added to cart successfully
sauce_demot  2025-06-10 02:28:36,626 - INFO - Cart Page click success
sauce_demot  2025-06-10 02:28:37,018 - INFO - Checkout click success
sauce_demot  2025-06-10 02:28:37,109 - INFO - abhishek sent successfully
sauce_demot  2025-06-10 02:28:37,180 - INFO - chhawari sent successfully
sauce_demot  2025-06-10 02:28:37,255 - INFO - 123401 sent successfully
sauce_demot  2025-06-10 02:28:37,427 - INFO - Continue button click success
sauce_demot  2025-06-10 02:28:38,144 - INFO - finish button click success
sauce_demot  2025-06-10 02:28:50,420 - INFO - username sent successfully
sauce_demot  2025-06-10 02:28:50,519 - INFO - password sent successfully
sauce_demot  2025-06-10 02:28:50,933 - INFO - login click success
sauce_demot  2025-06-10 02:28:51,077 - INFO - Sauce Labs Bolt T-Shirt added to cart successfully
sauce_demot  2025-06-10 02:28:51,169 - INFO - Sauce Labs Bike Light added to cart successfully
sauce_demot  2025-06-10 02:28:51,586 - INFO - Cart Page click success
sauce_demot  2025-06-10 02:28:51,972 - INFO - Checkout click success
sauce_demot  2025-06-10 02:28:52,038 - INFO - abhishek sent successfully
sauce_demot  2025-06-10 02:28:52,105 - INFO - chhawari sent successfully
sauce_demot  2025-06-10 02:28:52,174 - INFO - 123401 sent successfully
sauce_demot  2025-06-10 02:28:52,567 - INFO - Continue button click success
sauce_demot  2025-06-10 02:28:53,231 - INFO - finish button click success
