sauce_demot  2025-06-10 02:08:54,047 - INFO - username sent successfully
sauce_demot  2025-06-10 02:08:54,127 - INFO - password sent successfully
sauce_demot  2025-06-10 02:08:55,210 - INFO - login click success
sauce_demot  2025-06-10 02:08:55,305 - INFO - Sauce Labs Bolt T-Shirt added to cart successfully
sauce_demot  2025-06-10 02:08:55,382 - INFO - Sauce Labs Bike Light added to cart successfully
sauce_demot  2025-06-10 02:08:55,809 - INFO - Cart Page click success
sauce_demot  2025-06-10 02:08:56,213 - INFO - Checkout click success
sauce_demot  2025-06-10 02:08:56,296 - INFO - abhishek sent successfully
sauce_demot  2025-06-10 02:08:56,378 - INFO - chhawari sent successfully
sauce_demot  2025-06-10 02:08:56,455 - INFO - 123401 sent successfully
sauce_demot  2025-06-10 02:08:56,887 - INFO - Continue button click success
sauce_demot  2025-06-10 02:08:57,538 - INFO - finish button click success
sauce_demot  2025-06-10 02:09:10,689 - INFO - username sent successfully
sauce_demot  2025-06-10 02:09:10,778 - INFO - password sent successfully
sauce_demot  2025-06-10 02:09:11,281 - INFO - login click success
sauce_demot  2025-06-10 02:09:11,403 - INFO - Sauce Labs Bolt T-Shirt added to cart successfully
sauce_demot  2025-06-10 02:09:11,505 - INFO - Sauce Labs Bike Light added to cart successfully
sauce_demot  2025-06-10 02:09:11,707 - INFO - Cart Page click success
sauce_demot  2025-06-10 02:09:11,903 - INFO - Checkout click success
sauce_demot  2025-06-10 02:09:11,989 - INFO - abhishek sent successfully
sauce_demot  2025-06-10 02:09:12,085 - INFO - chhawari sent successfully
sauce_demot  2025-06-10 02:09:12,155 - INFO - 123401 sent successfully
sauce_demot  2025-06-10 02:09:12,351 - INFO - Continue button click success
sauce_demot  2025-06-10 02:09:12,597 - INFO - finish button click success
