sauce_demot  2025-06-10 02:39:04,423 - INFO - username sent successfully
sauce_demot  2025-06-10 02:39:04,502 - INFO - password sent successfully
sauce_demot  2025-06-10 02:39:04,962 - INFO - login click success
sauce_demot  2025-06-10 02:39:05,073 - INFO - Sauce Labs Bolt T-Shirt added to cart successfully
sauce_demot  2025-06-10 02:39:05,159 - INFO - Sauce Labs Bike Light added to cart successfully
sauce_demot  2025-06-10 02:39:05,585 - INFO - Cart Page click success
sauce_demot  2025-06-10 02:39:05,976 - INFO - Checkout click success
sauce_demot  2025-06-10 02:39:06,048 - INFO - abhishek sent successfully
sauce_demot  2025-06-10 02:39:06,134 - INFO - chhawari sent successfully
sauce_demot  2025-06-10 02:39:06,216 - INFO - 123401 sent successfully
sauce_demot  2025-06-10 02:39:06,608 - INFO - Continue button click success
sauce_demot  2025-06-10 02:39:07,260 - INFO - finish button click success
sauce_demot  2025-06-10 02:39:19,097 - INFO - username sent successfully
sauce_demot  2025-06-10 02:39:19,185 - INFO - password sent successfully
sauce_demot  2025-06-10 02:39:19,604 - INFO - login click success
sauce_demot  2025-06-10 02:39:19,744 - INFO - Sauce Labs Bolt T-Shirt added to cart successfully
sauce_demot  2025-06-10 02:39:19,829 - INFO - Sauce Labs Bike Light added to cart successfully
sauce_demot  2025-06-10 02:39:20,033 - INFO - Cart Page click success
sauce_demot  2025-06-10 02:39:20,213 - INFO - Checkout click success
sauce_demot  2025-06-10 02:39:20,307 - INFO - shruti sent successfully
sauce_demot  2025-06-10 02:39:20,384 - INFO - chhawari sent successfully
sauce_demot  2025-06-10 02:39:20,458 - INFO - 123401 sent successfully
sauce_demot  2025-06-10 02:39:20,637 - INFO - Continue button click success
sauce_demot  2025-06-10 02:39:20,894 - INFO - finish button click success
